TN:
SF:src/utils/datetime.ts
FN:16,(anonymous_0)
FN:20,(anonymous_1)
FN:33,(anonymous_2)
FN:52,(anonymous_3)
FN:71,(anonymous_4)
FN:111,(anonymous_5)
FN:137,(anonymous_6)
FN:146,(anonymous_7)
FN:150,(anonymous_8)
FNF:9
FNH:9
FNDA:8,(anonymous_0)
FNDA:10,(anonymous_1)
FNDA:2,(anonymous_2)
FNDA:6,(anonymous_3)
FNDA:5,(anonymous_4)
FNDA:13,(anonymous_5)
FNDA:15,(anonymous_6)
FNDA:13,(anonymous_7)
FNDA:15,(anonymous_8)
DA:13,1
DA:17,8
DA:21,10
DA:26,10
DA:34,2
DA:35,2
DA:39,2
DA:43,2
DA:58,6
DA:59,6
DA:60,1
DA:63,5
DA:64,5
DA:65,2
DA:68,5
DA:79,5
DA:80,5
DA:81,0
DA:84,5
DA:85,5
DA:87,5
DA:89,0
DA:90,0
DA:92,0
DA:93,0
DA:95,3
DA:96,3
DA:98,1
DA:99,1
DA:101,1
DA:102,1
DA:104,0
DA:105,0
DA:108,5
DA:112,13
DA:113,13
DA:114,13
DA:115,13
DA:117,13
DA:118,1
DA:119,1
DA:120,1
DA:121,1
DA:122,1
DA:123,1
DA:126,12
DA:131,12
DA:132,0
DA:134,12
DA:138,15
DA:139,15
DA:140,15
DA:142,0
DA:147,13
DA:156,15
DA:157,15
DA:159,15
DA:160,2
DA:161,2
DA:162,1
DA:165,1
DA:166,1
DA:167,1
DA:169,1
DA:179,13
DA:181,7
DA:187,7
DA:189,7
DA:200,6
DA:201,6
DA:202,1
DA:205,5
DA:206,5
DA:208,5
DA:209,5
DA:211,5
LF:76
LH:67
BRDA:22,0,0,10
BRDA:22,0,1,8
BRDA:58,1,0,5
BRDA:58,1,1,1
BRDA:59,2,0,1
BRDA:64,3,0,2
BRDA:80,4,0,0
BRDA:84,5,0,4
BRDA:84,5,1,1
BRDA:87,6,0,0
BRDA:87,6,1,0
BRDA:87,6,2,3
BRDA:87,6,3,1
BRDA:87,6,4,1
BRDA:87,6,5,0
BRDA:117,7,0,1
BRDA:119,8,0,0
BRDA:119,9,0,0
BRDA:119,9,1,0
BRDA:120,10,0,0
BRDA:120,11,0,0
BRDA:120,11,1,0
BRDA:121,12,0,1
BRDA:121,13,0,0
BRDA:121,13,1,1
BRDA:122,14,0,0
BRDA:122,15,0,1
BRDA:122,15,1,0
BRDA:122,16,0,0
BRDA:122,16,1,0
BRDA:123,17,0,1
BRDA:123,17,1,0
BRDA:131,18,0,0
BRDA:156,19,0,15
BRDA:156,19,1,0
BRDA:159,20,0,2
BRDA:159,20,1,13
BRDA:161,21,0,1
BRDA:179,22,0,7
BRDA:179,22,1,6
BRDA:201,23,0,1
BRDA:201,24,0,6
BRDA:201,24,1,5
BRF:43
BRH:25
end_of_record
